mode: atomic
github.com/cage1016/gokit-todo/internal/app/todo/service/logging.go:20.54,21.44 1 1
github.com/cage1016/gokit-todo/internal/app/todo/service/logging.go:21.44,23.3 1 1
github.com/cage1016/gokit-todo/internal/app/todo/service/logging.go:26.107,27.15 1 1
github.com/cage1016/gokit-todo/internal/app/todo/service/logging.go:31.2,31.31 1 1
github.com/cage1016/gokit-todo/internal/app/todo/service/logging.go:27.15,29.3 1 1
github.com/cage1016/gokit-todo/internal/app/todo/service/logging.go:34.80,35.15 1 0
github.com/cage1016/gokit-todo/internal/app/todo/service/logging.go:39.2,39.32 1 0
github.com/cage1016/gokit-todo/internal/app/todo/service/logging.go:35.15,37.3 1 0
github.com/cage1016/gokit-todo/internal/app/todo/service/logging.go:42.121,43.15 1 0
github.com/cage1016/gokit-todo/internal/app/todo/service/logging.go:47.2,47.38 1 0
github.com/cage1016/gokit-todo/internal/app/todo/service/logging.go:43.15,45.3 1 0
github.com/cage1016/gokit-todo/internal/app/todo/service/logging.go:50.89,51.15 1 0
github.com/cage1016/gokit-todo/internal/app/todo/service/logging.go:55.2,55.26 1 0
github.com/cage1016/gokit-todo/internal/app/todo/service/logging.go:51.15,53.3 1 0
github.com/cage1016/gokit-todo/internal/app/todo/service/service.go:54.72,56.2 2 1
github.com/cage1016/gokit-todo/internal/app/todo/service/service.go:60.2,60.12 1 1
github.com/cage1016/gokit-todo/internal/app/todo/service/service.go:56.2,59.3 2 1
github.com/cage1016/gokit-todo/internal/app/todo/service/service.go:64.106,71.27 6 1
github.com/cage1016/gokit-todo/internal/app/todo/service/service.go:74.2,74.22 1 1
github.com/cage1016/gokit-todo/internal/app/todo/service/service.go:77.2,77.44 1 1
github.com/cage1016/gokit-todo/internal/app/todo/service/service.go:80.2,81.16 2 1
github.com/cage1016/gokit-todo/internal/app/todo/service/service.go:71.27,73.3 1 1
github.com/cage1016/gokit-todo/internal/app/todo/service/service.go:74.22,76.3 1 1
github.com/cage1016/gokit-todo/internal/app/todo/service/service.go:77.44,79.3 1 0
github.com/cage1016/gokit-todo/internal/app/todo/service/service.go:85.79,87.2 1 0
github.com/cage1016/gokit-todo/internal/app/todo/service/service.go:90.120,92.16 2 0
github.com/cage1016/gokit-todo/internal/app/todo/service/service.go:96.2,97.27 2 0
github.com/cage1016/gokit-todo/internal/app/todo/service/service.go:100.2,100.22 1 0
github.com/cage1016/gokit-todo/internal/app/todo/service/service.go:104.2,104.48 1 0
github.com/cage1016/gokit-todo/internal/app/todo/service/service.go:107.2,108.16 2 0
github.com/cage1016/gokit-todo/internal/app/todo/service/service.go:92.16,94.3 1 0
github.com/cage1016/gokit-todo/internal/app/todo/service/service.go:97.27,99.3 1 0
github.com/cage1016/gokit-todo/internal/app/todo/service/service.go:100.22,102.3 1 0
github.com/cage1016/gokit-todo/internal/app/todo/service/service.go:104.48,106.3 1 0
github.com/cage1016/gokit-todo/internal/app/todo/service/service.go:112.88,116.16 3 0
github.com/cage1016/gokit-todo/internal/app/todo/service/service.go:120.2,120.23 1 0
github.com/cage1016/gokit-todo/internal/app/todo/service/service.go:124.2,124.8 1 0
github.com/cage1016/gokit-todo/internal/app/todo/service/service.go:116.16,118.3 1 0
github.com/cage1016/gokit-todo/internal/app/todo/service/service.go:120.23,123.3 2 0
github.com/cage1016/gokit-todo/internal/app/todo/postgres/init.go:28.44,32.16 3 0
github.com/cage1016/gokit-todo/internal/app/todo/postgres/init.go:36.2,38.24 2 0
github.com/cage1016/gokit-todo/internal/app/todo/postgres/init.go:32.16,34.3 1 0
github.com/cage1016/gokit-todo/internal/app/todo/postgres/todo.go:22.98,29.2 5 0
github.com/cage1016/gokit-todo/internal/app/todo/postgres/todo.go:31.78,35.68 3 1
github.com/cage1016/gokit-todo/internal/app/todo/postgres/todo.go:38.2,38.12 1 1
github.com/cage1016/gokit-todo/internal/app/todo/postgres/todo.go:35.68,37.3 1 0
github.com/cage1016/gokit-todo/internal/app/todo/postgres/todo.go:41.78,45.87 3 0
github.com/cage1016/gokit-todo/internal/app/todo/postgres/todo.go:48.2,48.12 1 0
github.com/cage1016/gokit-todo/internal/app/todo/postgres/todo.go:45.87,47.3 1 0
github.com/cage1016/gokit-todo/internal/app/todo/postgres/todo.go:51.81,56.25 4 0
github.com/cage1016/gokit-todo/internal/app/todo/postgres/todo.go:59.2,59.30 1 0
github.com/cage1016/gokit-todo/internal/app/todo/postgres/todo.go:62.2,62.12 1 0
github.com/cage1016/gokit-todo/internal/app/todo/postgres/todo.go:56.25,58.3 1 0
github.com/cage1016/gokit-todo/internal/app/todo/postgres/todo.go:59.30,61.3 1 0
github.com/cage1016/gokit-todo/internal/app/todo/postgres/todo.go:65.86,71.2 4 0
github.com/cage1016/gokit-todo/internal/app/todo/postgres/todo.go:73.63,79.2 1 1
github.com/cage1016/gokit-todo/internal/app/todo/transports/http/http.go:35.150,42.2 1 1
github.com/cage1016/gokit-todo/internal/app/todo/transports/http/http.go:51.153,58.2 1 1
github.com/cage1016/gokit-todo/internal/app/todo/transports/http/http.go:67.153,74.2 1 1
github.com/cage1016/gokit-todo/internal/app/todo/transports/http/http.go:83.151,90.2 1 1
github.com/cage1016/gokit-todo/internal/app/todo/transports/http/http.go:94.148,113.2 8 1
github.com/cage1016/gokit-todo/internal/app/todo/transports/http/http.go:117.84,121.2 3 1
github.com/cage1016/gokit-todo/internal/app/todo/transports/http/http.go:125.87,129.2 3 0
github.com/cage1016/gokit-todo/internal/app/todo/transports/http/http.go:133.87,138.2 4 0
github.com/cage1016/gokit-todo/internal/app/todo/transports/http/http.go:142.85,145.2 2 0
github.com/cage1016/gokit-todo/internal/app/todo/transports/http/http.go:147.59,148.9 1 0
github.com/cage1016/gokit-todo/internal/app/todo/transports/http/http.go:155.2,155.8 1 0
github.com/cage1016/gokit-todo/internal/app/todo/transports/http/http.go:150.57,151.31 1 0
github.com/cage1016/gokit-todo/internal/app/todo/transports/http/http.go:152.54,153.29 1 0
github.com/cage1016/gokit-todo/internal/app/todo/transports/grpc/grpc.go:32.100,34.16 2 1
github.com/cage1016/gokit-todo/internal/app/todo/transports/grpc/grpc.go:37.2,38.17 2 1
github.com/cage1016/gokit-todo/internal/app/todo/transports/grpc/grpc.go:34.16,36.3 1 0
github.com/cage1016/gokit-todo/internal/app/todo/transports/grpc/grpc.go:41.109,43.16 2 0
github.com/cage1016/gokit-todo/internal/app/todo/transports/grpc/grpc.go:46.2,47.17 2 0
github.com/cage1016/gokit-todo/internal/app/todo/transports/grpc/grpc.go:43.16,45.3 1 0
github.com/cage1016/gokit-todo/internal/app/todo/transports/grpc/grpc.go:50.109,52.16 2 0
github.com/cage1016/gokit-todo/internal/app/todo/transports/grpc/grpc.go:55.2,56.17 2 0
github.com/cage1016/gokit-todo/internal/app/todo/transports/grpc/grpc.go:52.16,54.3 1 0
github.com/cage1016/gokit-todo/internal/app/todo/transports/grpc/grpc.go:59.103,61.16 2 0
github.com/cage1016/gokit-todo/internal/app/todo/transports/grpc/grpc.go:64.2,65.17 2 0
github.com/cage1016/gokit-todo/internal/app/todo/transports/grpc/grpc.go:61.16,63.3 1 0
github.com/cage1016/gokit-todo/internal/app/todo/transports/grpc/grpc.go:69.155,114.2 3 1
github.com/cage1016/gokit-todo/internal/app/todo/transports/grpc/grpc.go:118.88,121.2 2 1
github.com/cage1016/gokit-todo/internal/app/todo/transports/grpc/grpc.go:125.99,128.2 2 1
github.com/cage1016/gokit-todo/internal/app/todo/transports/grpc/grpc.go:132.91,135.2 2 0
github.com/cage1016/gokit-todo/internal/app/todo/transports/grpc/grpc.go:139.102,142.2 2 0
github.com/cage1016/gokit-todo/internal/app/todo/transports/grpc/grpc.go:146.91,149.2 2 0
github.com/cage1016/gokit-todo/internal/app/todo/transports/grpc/grpc.go:153.102,156.2 2 0
github.com/cage1016/gokit-todo/internal/app/todo/transports/grpc/grpc.go:160.89,163.2 2 0
github.com/cage1016/gokit-todo/internal/app/todo/transports/grpc/grpc.go:167.100,169.22 2 0
github.com/cage1016/gokit-todo/internal/app/todo/transports/grpc/grpc.go:173.2,174.33 2 0
github.com/cage1016/gokit-todo/internal/app/todo/transports/grpc/grpc.go:178.2,178.78 1 0
github.com/cage1016/gokit-todo/internal/app/todo/transports/grpc/grpc.go:169.22,171.3 1 0
github.com/cage1016/gokit-todo/internal/app/todo/transports/grpc/grpc.go:174.33,176.3 1 0
github.com/cage1016/gokit-todo/internal/app/todo/transports/grpc/grpc.go:185.146,202.2 4 1
github.com/cage1016/gokit-todo/internal/app/todo/transports/grpc/grpc.go:217.2,218.2 2 1
github.com/cage1016/gokit-todo/internal/app/todo/transports/grpc/grpc.go:233.2,234.2 2 1
github.com/cage1016/gokit-todo/internal/app/todo/transports/grpc/grpc.go:249.2,250.2 2 1
github.com/cage1016/gokit-todo/internal/app/todo/transports/grpc/grpc.go:263.2,268.3 1 1
github.com/cage1016/gokit-todo/internal/app/todo/transports/grpc/grpc.go:202.2,213.3 2 1
github.com/cage1016/gokit-todo/internal/app/todo/transports/grpc/grpc.go:218.2,229.3 2 1
github.com/cage1016/gokit-todo/internal/app/todo/transports/grpc/grpc.go:234.2,245.3 2 1
github.com/cage1016/gokit-todo/internal/app/todo/transports/grpc/grpc.go:250.2,261.3 2 1
github.com/cage1016/gokit-todo/internal/app/todo/transports/grpc/grpc.go:273.88,276.2 2 1
github.com/cage1016/gokit-todo/internal/app/todo/transports/grpc/grpc.go:280.91,283.2 2 1
github.com/cage1016/gokit-todo/internal/app/todo/transports/grpc/grpc.go:287.91,290.2 2 0
github.com/cage1016/gokit-todo/internal/app/todo/transports/grpc/grpc.go:294.94,297.2 2 0
github.com/cage1016/gokit-todo/internal/app/todo/transports/grpc/grpc.go:301.91,304.2 2 0
github.com/cage1016/gokit-todo/internal/app/todo/transports/grpc/grpc.go:308.94,311.2 2 0
github.com/cage1016/gokit-todo/internal/app/todo/transports/grpc/grpc.go:315.89,318.2 2 0
github.com/cage1016/gokit-todo/internal/app/todo/transports/grpc/grpc.go:322.92,326.33 3 0
github.com/cage1016/gokit-todo/internal/app/todo/transports/grpc/grpc.go:330.2,330.48 1 0
github.com/cage1016/gokit-todo/internal/app/todo/transports/grpc/grpc.go:326.33,328.3 1 0
github.com/cage1016/gokit-todo/internal/app/todo/transports/grpc/grpc.go:333.46,334.16 1 1
github.com/cage1016/gokit-todo/internal/app/todo/transports/grpc/grpc.go:338.2,339.8 2 0
github.com/cage1016/gokit-todo/internal/app/todo/transports/grpc/grpc.go:343.2,343.9 1 0
github.com/cage1016/gokit-todo/internal/app/todo/transports/grpc/grpc.go:334.16,336.3 1 1
github.com/cage1016/gokit-todo/internal/app/todo/transports/grpc/grpc.go:339.8,341.3 1 0
github.com/cage1016/gokit-todo/internal/app/todo/transports/grpc/grpc.go:345.59,346.58 1 0
github.com/cage1016/gokit-todo/internal/app/todo/transports/grpc/grpc.go:347.10,348.63 1 0
github.com/cage1016/gokit-todo/internal/app/todo/transports/grpc/transfer.go:11.57,16.2 1 1
github.com/cage1016/gokit-todo/internal/app/todo/transports/grpc/transfer.go:18.57,23.2 1 1
github.com/cage1016/gokit-todo/internal/app/todo/transports/grpc/transfer.go:25.57,33.2 1 1
github.com/cage1016/gokit-todo/internal/app/todo/transports/grpc/transfer.go:35.57,40.31 1 1
github.com/cage1016/gokit-todo/internal/app/todo/transports/grpc/transfer.go:40.31,42.18 2 1
github.com/cage1016/gokit-todo/internal/app/todo/transports/grpc/transfer.go:45.4,45.12 1 1
github.com/cage1016/gokit-todo/internal/app/todo/transports/grpc/transfer.go:42.18,44.5 1 0
github.com/cage1016/gokit-todo/internal/app/todo/transports/grpc/transfer.go:47.31,49.18 2 1
github.com/cage1016/gokit-todo/internal/app/todo/transports/grpc/transfer.go:52.4,52.12 1 1
github.com/cage1016/gokit-todo/internal/app/todo/transports/grpc/transfer.go:49.18,51.5 1 0
